<?xml version="1.0" encoding="UTF-8"?>
<!-- Generated by org.testng.reporters.JUnitReportReporter -->
<testsuite hostname="DESKTOP-Q0IUJ76" failures="0" tests="4" name="test.NurseryliveTest" time="29.378" errors="0" timestamp="2024-02-27T20:46:09 IST" skipped="3">
  <testcase classname="test.NurseryliveTest" name="test3" time="29.378"/>
  <system-out/>
  <testcase classname="test.NurseryliveTest" name="test">
    <skipped/>
  </testcase> <!-- test -->
  <system-out/>
  <testcase classname="test.NurseryliveTest" name="test2">
    <skipped/>
  </testcase> <!-- test2 -->
  <system-out/>
  <testcase classname="test.NurseryliveTest" name="test1">
    <skipped/>
  </testcase> <!-- test1 -->
  <system-out/>
</testsuite> <!-- test.NurseryliveTest -->
